<?xml version="1.0" encoding="UTF-8"?>
<!-- Generated by org.testng.reporters.JUnitReportReporter -->
<testsuite skipped="0" hostname="RPC158" name="com.objectfrontier.training.java.jdbc.test.PersonIntegration" tests="2" failures="0" timestamp="12 Aug 2019 13:01:17 GMT" time="1.433" errors="0">
  <testcase name="testRead_negative" time="1.149" classname="com.objectfrontier.training.java.jdbc.test.PersonIntegration"/>
  <testcase name="testRead_positive" time="0.284" classname="com.objectfrontier.training.java.jdbc.test.PersonIntegration"/>
</testsuite> <!-- com.objectfrontier.training.java.jdbc.test.PersonIntegration -->
