<?xml version="1.0" encoding="UTF-8"?>
<!-- Generated by org.testng.reporters.JUnitReportReporter -->
<testsuite skipped="0" hostname="RPC158" name="com.objectfrontier.training.java.jdbc.test.PersonIntegration" tests="2" failures="0" timestamp="12 Aug 2019 12:50:42 GMT" time="1.197" errors="0">
  <testcase name="testRead_negative" time="1.119" classname="com.objectfrontier.training.java.jdbc.test.PersonIntegration"/>
  <testcase name="testRead_positive" time="0.078" classname="com.objectfrontier.training.java.jdbc.test.PersonIntegration"/>
</testsuite> <!-- com.objectfrontier.training.java.jdbc.test.PersonIntegration -->
