<?xml version="1.0" encoding="UTF-8"?>
<!-- Generated by org.testng.reporters.JUnitReportReporter -->
<testsuite skipped="0" hostname="RPC158" name="com.objectfrontier.training.java.jdbc.test.PersonIntegration" tests="2" failures="0" timestamp="12 Aug 2019 09:53:20 GMT" time="1.480" errors="0">
  <testcase name="testRead_negative" time="1.146" classname="com.objectfrontier.training.java.jdbc.test.PersonIntegration"/>
  <testcase name="testRead_positive" time="0.334" classname="com.objectfrontier.training.java.jdbc.test.PersonIntegration"/>
</testsuite> <!-- com.objectfrontier.training.java.jdbc.test.PersonIntegration -->
